<?xml version="1.0" encoding="UTF-8"?>
<!-- Generated by org.testng.reporters.JUnitReportReporter -->
<testsuite hostname="DESKTOP-NM5UU82" failures="0" tests="2" name="com.tastyNibbles.testrunner.RegistrationNG" time="64.219" errors="0" timestamp="2025-03-26T09:16:25 IST" skipped="0">
  <testcase classname="com.tastyNibbles.testrunner.RegistrationNG" name="runScenario" time="29.807"/>
  <testcase classname="com.tastyNibbles.testrunner.RegistrationNG" name="runScenario" time="34.412"/>
</testsuite> <!-- com.tastyNibbles.testrunner.RegistrationNG -->
