<?xml version="1.0" encoding="UTF-8"?>
<!-- Generated by org.testng.reporters.JUnitReportReporter -->
<testsuite hostname="DESKTOP-NM5UU82" failures="0" tests="1" name="com.tastyNibbles.testrunner.LogOutNG" time="34.815" errors="0" timestamp="2025-03-20T21:13:11 IST" skipped="0">
  <testcase classname="com.tastyNibbles.testrunner.LogOutNG" name="runScenario" time="34.815"/>
</testsuite> <!-- com.tastyNibbles.testrunner.LogOutNG -->
