<?xml version="1.0" encoding="UTF-8"?>
<!-- Generated by org.testng.reporters.JUnitReportReporter -->
<testsuite hostname="DESKTOP-NM5UU82" failures="0" tests="2" name="com.tastyNibbles.testrunner.ValidandInvalidCredentialsNG" time="44.695" errors="0" timestamp="2025-03-23T22:49:46 IST" skipped="0">
  <testcase classname="com.tastyNibbles.testrunner.ValidandInvalidCredentialsNG" name="runScenario" time="22.203"/>
  <testcase classname="com.tastyNibbles.testrunner.ValidandInvalidCredentialsNG" name="runScenario" time="22.492"/>
</testsuite> <!-- com.tastyNibbles.testrunner.ValidandInvalidCredentialsNG -->
