<?xml version="1.0" encoding="UTF-8"?>
<!-- Generated by org.testng.reporters.JUnitReportReporter -->
<testsuite hostname="DESKTOP-NM5UU82" failures="0" tests="1" name="com.tastyNibbles.testrunner.LoggingOutNG" time="26.276" errors="0" timestamp="2025-03-23T22:49:46 IST" skipped="0">
  <testcase classname="com.tastyNibbles.testrunner.LoggingOutNG" name="runScenario" time="26.276"/>
</testsuite> <!-- com.tastyNibbles.testrunner.LoggingOutNG -->
