<?xml version="1.0" encoding="UTF-8"?>
<!-- Generated by org.testng.reporters.JUnitReportReporter -->
<testsuite hostname="DESKTOP-NM5UU82" failures="0" tests="1" name="com.tastyNibbles.testrunner.AddToCartNG" time="56.276" errors="0" timestamp="2025-03-20T20:42:47 IST" skipped="0">
  <testcase classname="com.tastyNibbles.testrunner.AddToCartNG" name="runScenario" time="56.276"/>
</testsuite> <!-- com.tastyNibbles.testrunner.AddToCartNG -->
