<?xml version="1.0" encoding="UTF-8"?>
<!-- Generated by org.testng.reporters.JUnitReportReporter -->
<testsuite hostname="DESKTOP-NM5UU82" failures="0" tests="1" name="com.tastyNibbles.testrunner.SearchNG" time="62.778" errors="0" timestamp="2025-03-25T09:46:48 IST" skipped="0">
  <testcase classname="com.tastyNibbles.testrunner.SearchNG" name="runScenario" time="62.778"/>
</testsuite> <!-- com.tastyNibbles.testrunner.SearchNG -->
