<?xml version="1.0" encoding="UTF-8"?>
<!-- Generated by org.testng.reporters.JUnitReportReporter -->
<testsuite hostname="DESKTOP-NM5UU82" failures="0" tests="1" name="com.tastyNibbles.testrunner.AddingDifferentItemsNG" time="70.723" errors="0" timestamp="2025-03-23T22:49:46 IST" skipped="0">
  <testcase classname="com.tastyNibbles.testrunner.AddingDifferentItemsNG" name="runScenario" time="70.723"/>
</testsuite> <!-- com.tastyNibbles.testrunner.AddingDifferentItemsNG -->
